<?xml version="1.0" encoding="UTF-8"?>
<testng-results skipped="0" failed="1" ignored="0" total="2" passed="1">
  <reporter-output>
  </reporter-output>
  <suite name="Default suite" duration-ms="24224" started-at="2020-07-08T15:11:48 CDT" finished-at="2020-07-08T15:12:12 CDT">
    <groups>
    </groups>
    <test name="Default test" duration-ms="24224" started-at="2020-07-08T15:11:48 CDT" finished-at="2020-07-08T15:12:12 CDT">
      <class name="Tests.Login_TestCase_Appium">
        <test-method status="PASS" signature="setUp()[pri:0, instance:Tests.Login_TestCase_Appium@48503868]" name="setUp" is-config="true" duration-ms="9914" started-at="2020-07-08T15:11:48 CDT" finished-at="2020-07-08T15:11:58 CDT">
          <reporter-output>
          </reporter-output>
        </test-method> <!-- setUp -->
        <test-method status="PASS" signature="Login_Appium()[pri:0, instance:Tests.Login_TestCase_Appium@48503868]" name="Login_Appium" duration-ms="5" started-at="2020-07-08T15:11:58 CDT" finished-at="2020-07-08T15:11:58 CDT">
          <reporter-output>
          </reporter-output>
        </test-method> <!-- Login_Appium -->
        <test-method status="FAIL" signature="sampleTest()[pri:0, instance:Tests.Login_TestCase_Appium@48503868]" name="sampleTest" duration-ms="14270" started-at="2020-07-08T15:11:58 CDT" finished-at="2020-07-08T15:12:12 CDT">
          <exception class="java.lang.NullPointerException">
            <full-stacktrace>
              <![CDATA[java.lang.NullPointerException
at org.openqa.selenium.remote.RemoteWebDriver.findElement(RemoteWebDriver.java:315)
at io.appium.java_client.DefaultGenericMobileDriver.findElement(DefaultGenericMobileDriver.java:57)
at io.appium.java_client.AppiumDriver.findElement(AppiumDriver.java:1)
at io.appium.java_client.android.AndroidDriver.findElement(AndroidDriver.java:1)
at Pages.MainPageRepository_Appium.ClickenterAppium(MainPageRepository_Appium.java:94)
at Tests.Login_TestCase_Appium.sampleTest(Login_TestCase_Appium.java:52)
at sun.reflect.NativeMethodAccessorImpl.invoke0(Native Method)
at sun.reflect.NativeMethodAccessorImpl.invoke(Unknown Source)
at sun.reflect.DelegatingMethodAccessorImpl.invoke(Unknown Source)
at java.lang.reflect.Method.invoke(Unknown Source)
at org.testng.internal.MethodInvocationHelper.invokeMethod(MethodInvocationHelper.java:133)
at org.testng.internal.TestInvoker.invokeMethod(TestInvoker.java:584)
at org.testng.internal.TestInvoker.invokeTestMethod(TestInvoker.java:172)
at org.testng.internal.MethodRunner.runInSequence(MethodRunner.java:46)
at org.testng.internal.TestInvoker$MethodInvocationAgent.invoke(TestInvoker.java:804)
at org.testng.internal.TestInvoker.invokeTestMethods(TestInvoker.java:145)
at org.testng.internal.TestMethodWorker.invokeTestMethods(TestMethodWorker.java:146)
at org.testng.internal.TestMethodWorker.run(TestMethodWorker.java:128)
at java.util.ArrayList.forEach(Unknown Source)
at org.testng.TestRunner.privateRun(TestRunner.java:770)
at org.testng.TestRunner.run(TestRunner.java:591)
at org.testng.SuiteRunner.runTest(SuiteRunner.java:402)
at org.testng.SuiteRunner.runSequentially(SuiteRunner.java:396)
at org.testng.SuiteRunner.privateRun(SuiteRunner.java:355)
at org.testng.SuiteRunner.run(SuiteRunner.java:304)
at org.testng.SuiteRunnerWorker.runSuite(SuiteRunnerWorker.java:53)
at org.testng.SuiteRunnerWorker.run(SuiteRunnerWorker.java:96)
at org.testng.TestNG.runSuitesSequentially(TestNG.java:1180)
at org.testng.TestNG.runSuitesLocally(TestNG.java:1102)
at org.testng.TestNG.runSuites(TestNG.java:1032)
at org.testng.TestNG.run(TestNG.java:1000)
at org.testng.remote.AbstractRemoteTestNG.run(AbstractRemoteTestNG.java:115)
at org.testng.remote.RemoteTestNG.initAndRun(RemoteTestNG.java:251)
at org.testng.remote.RemoteTestNG.main(RemoteTestNG.java:77)
]]>
            </full-stacktrace>
          </exception> <!-- java.lang.NullPointerException -->
          <reporter-output>
          </reporter-output>
        </test-method> <!-- sampleTest -->
      </class> <!-- Tests.Login_TestCase_Appium -->
    </test> <!-- Default test -->
  </suite> <!-- Default suite -->
</testng-results>
