<?xml version="1.0" encoding="UTF-8"?>
<testng-results skipped="0" failed="0" ignored="0" total="2" passed="2">
  <reporter-output>
  </reporter-output>
  <suite name="Default suite" duration-ms="25234" started-at="2020-07-13T20:52:07 CDT" finished-at="2020-07-13T20:52:32 CDT">
    <groups>
    </groups>
    <test name="Default test" duration-ms="25234" started-at="2020-07-13T20:52:07 CDT" finished-at="2020-07-13T20:52:32 CDT">
      <class name="Tests.Login_TestCase_Appium">
        <test-method status="PASS" signature="setUp()[pri:0, instance:Tests.Login_TestCase_Appium@48503868]" name="setUp" is-config="true" duration-ms="9585" started-at="2020-07-13T20:52:07 CDT" finished-at="2020-07-13T20:52:17 CDT">
          <reporter-output>
          </reporter-output>
        </test-method> <!-- setUp -->
        <test-method status="PASS" signature="Login_Appium()[pri:0, instance:Tests.Login_TestCase_Appium@48503868]" name="Login_Appium" duration-ms="5" started-at="2020-07-13T20:52:17 CDT" finished-at="2020-07-13T20:52:17 CDT">
          <reporter-output>
          </reporter-output>
        </test-method> <!-- Login_Appium -->
        <test-method status="PASS" signature="sampleTest()[pri:0, instance:Tests.Login_TestCase_Appium@48503868]" name="sampleTest" duration-ms="15597" started-at="2020-07-13T20:52:17 CDT" finished-at="2020-07-13T20:52:32 CDT">
          <reporter-output>
          </reporter-output>
        </test-method> <!-- sampleTest -->
      </class> <!-- Tests.Login_TestCase_Appium -->
    </test> <!-- Default test -->
  </suite> <!-- Default suite -->
</testng-results>
