<?xml version="1.0" encoding="UTF-8"?>
<testng-results skipped="0" failed="0" ignored="0" total="1" passed="1">
  <reporter-output>
  </reporter-output>
  <suite name="Default suite" duration-ms="57898" started-at="2020-03-13T14:06:27 CST" finished-at="2020-03-13T14:07:25 CST">
    <groups>
    </groups>
    <test name="Default test" duration-ms="57898" started-at="2020-03-13T14:06:27 CST" finished-at="2020-03-13T14:07:25 CST">
      <class name="TestCases.ForLegsTables">
        <test-method status="PASS" signature="TestSetUp()[pri:0, instance:TestCases.ForLegsTables@5faeada1]" name="TestSetUp" is-config="true" duration-ms="7435" started-at="2020-03-13T14:06:27 CST" finished-at="2020-03-13T14:06:34 CST">
          <reporter-output>
          </reporter-output>
        </test-method> <!-- TestSetUp -->
        <test-method status="PASS" signature="FourLegsTables()[pri:0, instance:TestCases.ForLegsTables@5faeada1]" name="FourLegsTables" duration-ms="50423" started-at="2020-03-13T14:06:34 CST" finished-at="2020-03-13T14:07:25 CST">
          <reporter-output>
          </reporter-output>
        </test-method> <!-- FourLegsTables -->
      </class> <!-- TestCases.ForLegsTables -->
    </test> <!-- Default test -->
  </suite> <!-- Default suite -->
</testng-results>
