<?xml version="1.0" encoding="UTF-8"?>
<testng-results skipped="0" failed="0" ignored="0" total="1" passed="1">
  <reporter-output>
  </reporter-output>
  <suite name="Default suite" duration-ms="20683" started-at="2020-11-25T15:43:38 CST" finished-at="2020-11-25T15:43:59 CST">
    <groups>
    </groups>
    <test name="Default test" duration-ms="20683" started-at="2020-11-25T15:43:38 CST" finished-at="2020-11-25T15:43:59 CST">
      <class name="TestCases.Login">
        <test-method status="PASS" signature="TestSetUp()[pri:0, instance:TestCases.Login@262b2c86]" name="TestSetUp" is-config="true" duration-ms="7308" started-at="2020-11-25T15:43:38 CST" finished-at="2020-11-25T15:43:45 CST">
          <reporter-output>
          </reporter-output>
        </test-method> <!-- TestSetUp -->
        <test-method status="PASS" signature="TestLogin()[pri:0, instance:TestCases.Login@262b2c86]" name="TestLogin" duration-ms="12281" started-at="2020-11-25T15:43:45 CST" finished-at="2020-11-25T15:43:58 CST">
          <reporter-output>
          </reporter-output>
        </test-method> <!-- TestLogin -->
        <test-method status="PASS" signature="FinishTest()[pri:0, instance:TestCases.Login@262b2c86]" name="FinishTest" is-config="true" duration-ms="1054" started-at="2020-11-25T15:43:58 CST" finished-at="2020-11-25T15:43:59 CST">
          <reporter-output>
          </reporter-output>
        </test-method> <!-- FinishTest -->
      </class> <!-- TestCases.Login -->
    </test> <!-- Default test -->
  </suite> <!-- Default suite -->
</testng-results>
