<?xml version="1.0" encoding="UTF-8"?>
<testng-results ignored="0" total="1" passed="1" failed="0" skipped="0">
  <reporter-output>
  </reporter-output>
  <suite started-at="2021-03-24T12:39:45 CST" name="Default suite" finished-at="2021-03-24T12:39:53 CST" duration-ms="7446">
    <groups>
    </groups>
    <test started-at="2021-03-24T12:39:45 CST" name="Default test" finished-at="2021-03-24T12:39:53 CST" duration-ms="7446">
      <class name="SeleniumJavaTestDeleteCellphoneFromCart">
        <test-method is-config="true" signature="TestSetUp()[pri:0, instance:SeleniumJavaTestDeleteCellphoneFromCart@2ef3eef9]" started-at="2021-03-24T12:39:45 CST" name="TestSetUp" finished-at="2021-03-24T12:39:48 CST" duration-ms="2688" status="PASS">
          <reporter-output>
          </reporter-output>
        </test-method> <!-- TestSetUp -->
        <test-method signature="PurchaseSamsungGalaxyS6()[pri:0, instance:SeleniumJavaTestDeleteCellphoneFromCart@2ef3eef9]" started-at="2021-03-24T12:39:48 CST" name="PurchaseSamsungGalaxyS6" finished-at="2021-03-24T12:39:52 CST" duration-ms="4011" status="PASS">
          <reporter-output>
          </reporter-output>
        </test-method> <!-- PurchaseSamsungGalaxyS6 -->
        <test-method is-config="true" signature="FinishingTest()[pri:0, instance:SeleniumJavaTestDeleteCellphoneFromCart@2ef3eef9]" started-at="2021-03-24T12:39:52 CST" name="FinishingTest" finished-at="2021-03-24T12:39:53 CST" duration-ms="697" status="PASS">
          <reporter-output>
          </reporter-output>
        </test-method> <!-- FinishingTest -->
      </class> <!-- SeleniumJavaTestDeleteCellphoneFromCart -->
    </test> <!-- Default test -->
  </suite> <!-- Default suite -->
</testng-results>
