<?xml version="1.0" encoding="UTF-8"?>
<testng-results ignored="0" total="1" passed="1" failed="0" skipped="0">
  <reporter-output>
  </reporter-output>
  <suite started-at="2021-01-23T07:24:07 IST" name="Default suite" finished-at="2021-01-23T07:24:26 IST" duration-ms="18390">
    <groups>
    </groups>
    <test started-at="2021-01-23T07:24:07 IST" name="Default test" finished-at="2021-01-23T07:24:26 IST" duration-ms="18390">
      <class name="SeleniumJavaTest">
        <test-method is-config="true" signature="TestSetUp()[pri:0, instance:SeleniumJavaTest@4d02f94e]" started-at="2021-01-23T07:24:07 IST" name="TestSetUp" finished-at="2021-01-23T07:24:14 IST" duration-ms="6298" status="PASS">
          <reporter-output>
          </reporter-output>
        </test-method> <!-- TestSetUp -->
        <test-method signature="PurchaseSamsungGalaxyS6()[pri:0, instance:SeleniumJavaTest@4d02f94e]" started-at="2021-01-23T07:24:14 IST" name="PurchaseSamsungGalaxyS6" finished-at="2021-01-23T07:24:22 IST" duration-ms="7812" status="PASS">
          <reporter-output>
          </reporter-output>
        </test-method> <!-- PurchaseSamsungGalaxyS6 -->
        <test-method is-config="true" signature="FinishingTest()[pri:0, instance:SeleniumJavaTest@4d02f94e]" started-at="2021-01-23T07:24:22 IST" name="FinishingTest" finished-at="2021-01-23T07:24:26 IST" duration-ms="4218" status="PASS">
          <reporter-output>
          </reporter-output>
        </test-method> <!-- FinishingTest -->
      </class> <!-- SeleniumJavaTest -->
    </test> <!-- Default test -->
  </suite> <!-- Default suite -->
</testng-results>
